[0818/020137.127:ERROR:file_io.cc(89)] ReadExactly: expected 36, observed 0
[0818/082327.029:ERROR:process_memory_win.cc(73)] ReadMemory at 0x22a5e140770 of 72 bytes failed: Only part of a ReadProcessMemory or WriteProcessMemory request was completed. (0x12B)
[0818/082327.030:WARNING:pe_image_annotations_reader.cc(134)] could not read annotations list object in C:\Program Files (x86)\Google\Chrome\Application\83.0.4103.97\chrome_elf.dll
[0818/082327.030:ERROR:process_memory_win.cc(73)] ReadMemory at 0x22a5e4962c0 of 72 bytes failed: Only part of a ReadProcessMemory or WriteProcessMemory request was completed. (0x12B)
[0818/082327.030:WARNING:pe_image_annotations_reader.cc(134)] could not read annotations list object in C:\Program Files (x86)\Google\Chrome\Application\83.0.4103.97\chrome.dll
[0818/082327.035:ERROR:process_memory_win.cc(73)] ReadMemory at 0x22a5e140770 of 72 bytes failed: Only part of a ReadProcessMemory or WriteProcessMemory request was completed. (0x12B)
[0818/082327.035:WARNING:pe_image_annotations_reader.cc(134)] could not read annotations list object in C:\Program Files (x86)\Google\Chrome\Application\83.0.4103.97\chrome_elf.dll
[0818/082327.036:ERROR:process_memory_win.cc(73)] ReadMemory at 0x22a5e4962c0 of 72 bytes failed: Only part of a ReadProcessMemory or WriteProcessMemory request was completed. (0x12B)
[0818/082327.036:WARNING:pe_image_annotations_reader.cc(134)] could not read annotations list object in C:\Program Files (x86)\Google\Chrome\Application\83.0.4103.97\chrome.dll
[0818/082327.037:ERROR:process_memory_win.cc(73)] ReadMemory at 0x22a5e140770 of 72 bytes failed: Only part of a ReadProcessMemory or WriteProcessMemory request was completed. (0x12B)
[0818/082327.037:WARNING:pe_image_annotations_reader.cc(134)] could not read annotations list object in C:\Program Files (x86)\Google\Chrome\Application\83.0.4103.97\chrome_elf.dll
[0818/082327.037:ERROR:process_memory_win.cc(73)] ReadMemory at 0x22a5e4962c0 of 72 bytes failed: Only part of a ReadProcessMemory or WriteProcessMemory request was completed. (0x12B)
[0818/082327.037:WARNING:pe_image_annotations_reader.cc(134)] could not read annotations list object in C:\Program Files (x86)\Google\Chrome\Application\83.0.4103.97\chrome.dll
[0818/082327.050:ERROR:process_memory_win.cc(73)] ReadMemory at 0x83ba7e6000 of 106496 bytes failed: Only part of a ReadProcessMemory or WriteProcessMemory request was completed. (0x12B)
[0818/082327.050:ERROR:process_memory_win.cc(73)] ReadMemory at 0x83baffd000 of 12288 bytes failed: Only part of a ReadProcessMemory or WriteProcessMemory request was completed. (0x12B)
[0818/082327.050:ERROR:process_memory_win.cc(73)] ReadMemory at 0x83bbffd000 of 12288 bytes failed: Only part of a ReadProcessMemory or WriteProcessMemory request was completed. (0x12B)
[0818/082327.050:ERROR:process_memory_win.cc(73)] ReadMemory at 0x83bc7fc000 of 16384 bytes failed: Only part of a ReadProcessMemory or WriteProcessMemory request was completed. (0x12B)
[0818/082327.050:ERROR:process_memory_win.cc(73)] ReadMemory at 0x83bcffe000 of 8192 bytes failed: Only part of a ReadProcessMemory or WriteProcessMemory request was completed. (0x12B)
[0818/082327.050:ERROR:process_memory_win.cc(73)] ReadMemory at 0x83bd7fd000 of 12288 bytes failed: Only part of a ReadProcessMemory or WriteProcessMemory request was completed. (0x12B)
[0818/082327.050:ERROR:process_memory_win.cc(73)] ReadMemory at 0x83bdffb000 of 20480 bytes failed: Only part of a ReadProcessMemory or WriteProcessMemory request was completed. (0x12B)
[0818/082327.050:ERROR:process_memory_win.cc(73)] ReadMemory at 0x83beffd000 of 12288 bytes failed: Only part of a ReadProcessMemory or WriteProcessMemory request was completed. (0x12B)
[0818/082327.051:ERROR:process_memory_win.cc(73)] ReadMemory at 0x83bf7fb000 of 20480 bytes failed: Only part of a ReadProcessMemory or WriteProcessMemory request was completed. (0x12B)
[0818/082327.051:ERROR:process_memory_win.cc(73)] ReadMemory at 0x83bfffb000 of 20480 bytes failed: Only part of a ReadProcessMemory or WriteProcessMemory request was completed. (0x12B)
[0818/082327.051:ERROR:process_memory_win.cc(73)] ReadMemory at 0x83c07fd000 of 12288 bytes failed: Only part of a ReadProcessMemory or WriteProcessMemory request was completed. (0x12B)
[0818/082327.051:ERROR:process_memory_win.cc(73)] ReadMemory at 0x83be7fc000 of 16384 bytes failed: Only part of a ReadProcessMemory or WriteProcessMemory request was completed. (0x12B)
[0818/082327.051:ERROR:process_memory_win.cc(73)] ReadMemory at 0x83bb7fc000 of 16384 bytes failed: Only part of a ReadProcessMemory or WriteProcessMemory request was completed. (0x12B)
[0818/082327.051:ERROR:process_memory_win.cc(73)] ReadMemory at 0x83c0ffc000 of 16384 bytes failed: Only part of a ReadProcessMemory or WriteProcessMemory request was completed. (0x12B)
[0818/082327.051:ERROR:process_memory_win.cc(73)] ReadMemory at 0x83b9f2b000 of 852 bytes failed: Only part of a ReadProcessMemory or WriteProcessMemory request was completed. (0x12B)
[0818/082327.051:ERROR:process_memory_win.cc(73)] ReadMemory at 0x83b9f2c000 of 6024 bytes failed: Only part of a ReadProcessMemory or WriteProcessMemory request was completed. (0x12B)
[0818/082327.051:ERROR:process_memory_win.cc(73)] ReadMemory at 0x83b9f2e000 of 6024 bytes failed: Only part of a ReadProcessMemory or WriteProcessMemory request was completed. (0x12B)
[0818/082327.051:ERROR:process_memory_win.cc(73)] ReadMemory at 0x83b9f32000 of 6024 bytes failed: Only part of a ReadProcessMemory or WriteProcessMemory request was completed. (0x12B)
[0818/082327.051:ERROR:process_memory_win.cc(73)] ReadMemory at 0x83b9f34000 of 6024 bytes failed: Only part of a ReadProcessMemory or WriteProcessMemory request was completed. (0x12B)
[0818/082327.052:ERROR:process_memory_win.cc(73)] ReadMemory at 0x83b9f36000 of 6024 bytes failed: Only part of a ReadProcessMemory or WriteProcessMemory request was completed. (0x12B)
[0818/082327.052:ERROR:process_memory_win.cc(73)] ReadMemory at 0x83b9f38000 of 6024 bytes failed: Only part of a ReadProcessMemory or WriteProcessMemory request was completed. (0x12B)
[0818/082327.052:ERROR:process_memory_win.cc(73)] ReadMemory at 0x83b9f3a000 of 6024 bytes failed: Only part of a ReadProcessMemory or WriteProcessMemory request was completed. (0x12B)
[0818/082327.052:ERROR:process_memory_win.cc(73)] ReadMemory at 0x83b9f3e000 of 6024 bytes failed: Only part of a ReadProcessMemory or WriteProcessMemory request was completed. (0x12B)
[0818/082327.052:ERROR:process_memory_win.cc(73)] ReadMemory at 0x83b9f40000 of 6024 bytes failed: Only part of a ReadProcessMemory or WriteProcessMemory request was completed. (0x12B)
[0818/082327.052:ERROR:process_memory_win.cc(73)] ReadMemory at 0x83b9f42000 of 6024 bytes failed: Only part of a ReadProcessMemory or WriteProcessMemory request was completed. (0x12B)
[0818/082327.052:ERROR:process_memory_win.cc(73)] ReadMemory at 0x83b9f44000 of 6024 bytes failed: Only part of a ReadProcessMemory or WriteProcessMemory request was completed. (0x12B)
[0818/082327.052:ERROR:process_memory_win.cc(73)] ReadMemory at 0x83b9f4a000 of 6024 bytes failed: Only part of a ReadProcessMemory or WriteProcessMemory request was completed. (0x12B)
[0818/082327.052:ERROR:process_memory_win.cc(73)] ReadMemory at 0x83b9f4e000 of 6024 bytes failed: Only part of a ReadProcessMemory or WriteProcessMemory request was completed. (0x12B)
[0818/082327.052:ERROR:process_memory_win.cc(73)] ReadMemory at 0x83b9f50000 of 6024 bytes failed: Only part of a ReadProcessMemory or WriteProcessMemory request was completed. (0x12B)
[0818/082327.053:ERROR:process_memory_win.cc(73)] ReadMemory at 0x22a5de30fe0 of 5714 bytes failed: Only part of a ReadProcessMemory or WriteProcessMemory request was completed. (0x12B)
[0818/082327.053:ERROR:process_memory_win.cc(73)] ReadMemory at 0x22a5de32640 of 1012 bytes failed: Only part of a ReadProcessMemory or WriteProcessMemory request was completed. (0x12B)
[0818/082327.053:ERROR:process_memory_win.cc(73)] ReadMemory at 0x22a5de32c88 of 118 bytes failed: Only part of a ReadProcessMemory or WriteProcessMemory request was completed. (0x12B)
[0818/082327.053:ERROR:process_memory_win.cc(73)] ReadMemory at 0x22a5de32d00 of 1358 bytes failed: Only part of a ReadProcessMemory or WriteProcessMemory request was completed. (0x12B)
[0818/082327.053:ERROR:process_memory_win.cc(73)] ReadMemory at 0x22a5de33250 of 118 bytes failed: Only part of a ReadProcessMemory or WriteProcessMemory request was completed. (0x12B)
[0818/082327.053:ERROR:process_memory_win.cc(73)] ReadMemory at 0x22a5de332c8 of 96 bytes failed: Only part of a ReadProcessMemory or WriteProcessMemory request was completed. (0x12B)
[0818/082327.053:ERROR:process_memory_win.cc(73)] ReadMemory at 0x22a5de33340 of 58 bytes failed: Only part of a ReadProcessMemory or WriteProcessMemory request was completed. (0x12B)
[0818/082327.053:ERROR:process_memory_win.cc(73)] ReadMemory at 0x22a5de33440 of 132 bytes failed: Only part of a ReadProcessMemory or WriteProcessMemory request was completed. (0x12B)
[0818/082327.053:ERROR:process_memory_win.cc(73)] ReadMemory at 0x22a5de335d0 of 132 bytes failed: Only part of a ReadProcessMemory or WriteProcessMemory request was completed. (0x12B)
[0818/082327.053:ERROR:process_memory_win.cc(73)] ReadMemory at 0x22a5de33790 of 124 bytes failed: Only part of a ReadProcessMemory or WriteProcessMemory request was completed. (0x12B)
[0818/082327.053:ERROR:process_memory_win.cc(73)] ReadMemory at 0x22a5de33b70 of 132 bytes failed: Only part of a ReadProcessMemory or WriteProcessMemory request was completed. (0x12B)
[0818/082327.053:ERROR:process_memory_win.cc(73)] ReadMemory at 0x22a5de33d00 of 64 bytes failed: Only part of a ReadProcessMemory or WriteProcessMemory request was completed. (0x12B)
[0818/082327.053:ERROR:process_memory_win.cc(73)] ReadMemory at 0x22a5de33d50 of 132 bytes failed: Only part of a ReadProcessMemory or WriteProcessMemory request was completed. (0x12B)
[0818/082327.054:ERROR:process_memory_win.cc(73)] ReadMemory at 0x22a5de33ec0 of 132 bytes failed: Only part of a ReadProcessMemory or WriteProcessMemory request was completed. (0x12B)
[0818/082327.054:ERROR:process_memory_win.cc(73)] ReadMemory at 0x22a5de34180 of 132 bytes failed: Only part of a ReadProcessMemory or WriteProcessMemory request was completed. (0x12B)
[0818/082327.054:ERROR:process_memory_win.cc(73)] ReadMemory at 0x22a5de34310 of 68 bytes failed: Only part of a ReadProcessMemory or WriteProcessMemory request was completed. (0x12B)
[0818/082327.054:ERROR:process_memory_win.cc(73)] ReadMemory at 0x22a5de35420 of 144 bytes failed: Only part of a ReadProcessMemory or WriteProcessMemory request was completed. (0x12B)
[0818/082327.054:ERROR:process_memory_win.cc(73)] ReadMemory at 0x22a5de35500 of 132 bytes failed: Only part of a ReadProcessMemory or WriteProcessMemory request was completed. (0x12B)
[0818/082327.054:ERROR:process_memory_win.cc(73)] ReadMemory at 0x22a5de35630 of 152 bytes failed: Only part of a ReadProcessMemory or WriteProcessMemory request was completed. (0x12B)
[0818/082327.054:ERROR:process_memory_win.cc(73)] ReadMemory at 0x22a5de36460 of 60 bytes failed: Only part of a ReadProcessMemory or WriteProcessMemory request was completed. (0x12B)
[0818/082327.054:ERROR:process_memory_win.cc(73)] ReadMemory at 0x22a5de364b0 of 62 bytes failed: Only part of a ReadProcessMemory or WriteProcessMemory request was completed. (0x12B)
[0818/082327.054:ERROR:process_memory_win.cc(73)] ReadMemory at 0x22a5de36b00 of 132 bytes failed: Only part of a ReadProcessMemory or WriteProcessMemory request was completed. (0x12B)
[0818/082327.054:ERROR:process_memory_win.cc(73)] ReadMemory at 0x22a5de39f60 of 132 bytes failed: Only part of a ReadProcessMemory or WriteProcessMemory request was completed. (0x12B)
[0818/082327.054:ERROR:process_memory_win.cc(73)] ReadMemory at 0x22a5de3a180 of 132 bytes failed: Only part of a ReadProcessMemory or WriteProcessMemory request was completed. (0x12B)
[0818/082327.054:ERROR:process_memory_win.cc(73)] ReadMemory at 0x22a5de3b1a0 of 132 bytes failed: Only part of a ReadProcessMemory or WriteProcessMemory request was completed. (0x12B)
[0818/082327.054:ERROR:process_memory_win.cc(73)] ReadMemory at 0x22a5de3b510 of 62 bytes failed: Only part of a ReadProcessMemory or WriteProcessMemory request was completed. (0x12B)
[0818/082327.055:ERROR:process_memory_win.cc(73)] ReadMemory at 0x22a5de3b5b0 of 64 bytes failed: Only part of a ReadProcessMemory or WriteProcessMemory request was completed. (0x12B)
[0818/082327.055:ERROR:process_memory_win.cc(73)] ReadMemory at 0x22a5de3b740 of 60 bytes failed: Only part of a ReadProcessMemory or WriteProcessMemory request was completed. (0x12B)
[0818/082327.055:ERROR:process_memory_win.cc(73)] ReadMemory at 0x22a5de3b790 of 66 bytes failed: Only part of a ReadProcessMemory or WriteProcessMemory request was completed. (0x12B)
[0818/082327.055:ERROR:process_memory_win.cc(73)] ReadMemory at 0x22a5de3b7e0 of 64 bytes failed: Only part of a ReadProcessMemory or WriteProcessMemory request was completed. (0x12B)
[0818/082327.055:ERROR:process_memory_win.cc(73)] ReadMemory at 0x22a5de3b830 of 60 bytes failed: Only part of a ReadProcessMemory or WriteProcessMemory request was completed. (0x12B)
[0818/082327.055:ERROR:process_memory_win.cc(73)] ReadMemory at 0x22a5de3b920 of 64 bytes failed: Only part of a ReadProcessMemory or WriteProcessMemory request was completed. (0x12B)
[0818/082327.055:ERROR:process_memory_win.cc(73)] ReadMemory at 0x22a5de3b9c0 of 62 bytes failed: Only part of a ReadProcessMemory or WriteProcessMemory request was completed. (0x12B)
[0818/082327.055:ERROR:process_memory_win.cc(73)] ReadMemory at 0x22a5de3ba10 of 64 bytes failed: Only part of a ReadProcessMemory or WriteProcessMemory request was completed. (0x12B)
[0818/082327.055:ERROR:process_memory_win.cc(73)] ReadMemory at 0x22a5de3ba60 of 62 bytes failed: Only part of a ReadProcessMemory or WriteProcessMemory request was completed. (0x12B)
[0818/082327.055:ERROR:process_memory_win.cc(73)] ReadMemory at 0x22a5de3c650 of 80 bytes failed: Only part of a ReadProcessMemory or WriteProcessMemory request was completed. (0x12B)
[0818/082327.055:ERROR:process_memory_win.cc(73)] ReadMemory at 0x22a5de3c7d0 of 80 bytes failed: Only part of a ReadProcessMemory or WriteProcessMemory request was completed. (0x12B)
[0818/082327.055:ERROR:process_memory_win.cc(73)] ReadMemory at 0x22a5de3c830 of 78 bytes failed: Only part of a ReadProcessMemory or WriteProcessMemory request was completed. (0x12B)
[0818/082327.055:ERROR:process_memory_win.cc(73)] ReadMemory at 0x22a5de3e160 of 132 bytes failed: Only part of a ReadProcessMemory or WriteProcessMemory request was completed. (0x12B)
[0818/082327.055:ERROR:process_memory_win.cc(73)] ReadMemory at 0x22a5de40270 of 132 bytes failed: Only part of a ReadProcessMemory or WriteProcessMemory request was completed. (0x12B)
[0818/082327.056:ERROR:process_memory_win.cc(73)] ReadMemory at 0x22a5de40fd0 of 132 bytes failed: Only part of a ReadProcessMemory or WriteProcessMemory request was completed. (0x12B)
[0818/082327.056:ERROR:process_memory_win.cc(73)] ReadMemory at 0x22a5de44790 of 132 bytes failed: Only part of a ReadProcessMemory or WriteProcessMemory request was completed. (0x12B)
[0818/082327.056:ERROR:process_memory_win.cc(73)] ReadMemory at 0x22a5de449a0 of 132 bytes failed: Only part of a ReadProcessMemory or WriteProcessMemory request was completed. (0x12B)
[0818/082327.056:ERROR:process_memory_win.cc(73)] ReadMemory at 0x22a5de44cd0 of 132 bytes failed: Only part of a ReadProcessMemory or WriteProcessMemory request was completed. (0x12B)
[0818/082327.056:ERROR:process_memory_win.cc(73)] ReadMemory at 0x22a5de44f30 of 132 bytes failed: Only part of a ReadProcessMemory or WriteProcessMemory request was completed. (0x12B)
[0818/082327.056:ERROR:process_memory_win.cc(73)] ReadMemory at 0x22a5de45060 of 132 bytes failed: Only part of a ReadProcessMemory or WriteProcessMemory request was completed. (0x12B)
[0818/082327.056:ERROR:process_memory_win.cc(73)] ReadMemory at 0x22a5de45190 of 132 bytes failed: Only part of a ReadProcessMemory or WriteProcessMemory request was completed. (0x12B)
[0818/082327.056:ERROR:process_memory_win.cc(73)] ReadMemory at 0x22a5de452c0 of 132 bytes failed: Only part of a ReadProcessMemory or WriteProcessMemory request was completed. (0x12B)
[0818/082327.056:ERROR:process_memory_win.cc(73)] ReadMemory at 0x22a5de453f0 of 132 bytes failed: Only part of a ReadProcessMemory or WriteProcessMemory request was completed. (0x12B)
[0818/082327.056:ERROR:process_memory_win.cc(73)] ReadMemory at 0x22a5de45520 of 132 bytes failed: Only part of a ReadProcessMemory or WriteProcessMemory request was completed. (0x12B)
[0818/082327.056:ERROR:process_memory_win.cc(73)] ReadMemory at 0x22a5de45650 of 132 bytes failed: Only part of a ReadProcessMemory or WriteProcessMemory request was completed. (0x12B)
[0818/082327.056:ERROR:process_memory_win.cc(73)] ReadMemory at 0x22a5de45780 of 132 bytes failed: Only part of a ReadProcessMemory or WriteProcessMemory request was completed. (0x12B)
[0818/082327.056:ERROR:process_memory_win.cc(73)] ReadMemory at 0x22a5de458b0 of 132 bytes failed: Only part of a ReadProcessMemory or WriteProcessMemory request was completed. (0x12B)
[0818/082327.057:ERROR:process_memory_win.cc(73)] ReadMemory at 0x22a5de459e0 of 132 bytes failed: Only part of a ReadProcessMemory or WriteProcessMemory request was completed. (0x12B)
[0818/082327.057:ERROR:process_memory_win.cc(73)] ReadMemory at 0x22a5de45b10 of 132 bytes failed: Only part of a ReadProcessMemory or WriteProcessMemory request was completed. (0x12B)
[0818/082327.057:ERROR:process_memory_win.cc(73)] ReadMemory at 0x22a5de466d0 of 64 bytes failed: Only part of a ReadProcessMemory or WriteProcessMemory request was completed. (0x12B)
[0818/082327.057:ERROR:process_memory_win.cc(73)] ReadMemory at 0x22a5de46720 of 62 bytes failed: Only part of a ReadProcessMemory or WriteProcessMemory request was completed. (0x12B)
[0818/082327.057:ERROR:process_memory_win.cc(73)] ReadMemory at 0x22a5de46860 of 62 bytes failed: Only part of a ReadProcessMemory or WriteProcessMemory request was completed. (0x12B)
[0818/082327.057:ERROR:process_memory_win.cc(73)] ReadMemory at 0x22a5de468b0 of 62 bytes failed: Only part of a ReadProcessMemory or WriteProcessMemory request was completed. (0x12B)
[0818/082327.057:ERROR:process_memory_win.cc(73)] ReadMemory at 0x22a5de46900 of 60 bytes failed: Only part of a ReadProcessMemory or WriteProcessMemory request was completed. (0x12B)
[0818/082327.057:ERROR:process_memory_win.cc(73)] ReadMemory at 0x22a5de46950 of 60 bytes failed: Only part of a ReadProcessMemory or WriteProcessMemory request was completed. (0x12B)
[0818/082327.057:ERROR:process_memory_win.cc(73)] ReadMemory at 0x22a5de469f0 of 58 bytes failed: Only part of a ReadProcessMemory or WriteProcessMemory request was completed. (0x12B)
[0818/082327.058:ERROR:process_memory_win.cc(73)] ReadMemory at 0x22a5de46ae0 of 66 bytes failed: Only part of a ReadProcessMemory or WriteProcessMemory request was completed. (0x12B)
[0818/082327.058:ERROR:process_memory_win.cc(73)] ReadMemory at 0x22a5de46bd0 of 60 bytes failed: Only part of a ReadProcessMemory or WriteProcessMemory request was completed. (0x12B)
[0818/082327.058:ERROR:process_memory_win.cc(73)] ReadMemory at 0x22a5de46c20 of 58 bytes failed: Only part of a ReadProcessMemory or WriteProcessMemory request was completed. (0x12B)
[0818/082327.058:ERROR:process_memory_win.cc(73)] ReadMemory at 0x22a5de46c70 of 62 bytes failed: Only part of a ReadProcessMemory or WriteProcessMemory request was completed. (0x12B)
[0818/082327.058:ERROR:process_memory_win.cc(73)] ReadMemory at 0x22a5de46ea0 of 62 bytes failed: Only part of a ReadProcessMemory or WriteProcessMemory request was completed. (0x12B)
[0818/082327.058:ERROR:process_memory_win.cc(73)] ReadMemory at 0x22a5de47170 of 60 bytes failed: Only part of a ReadProcessMemory or WriteProcessMemory request was completed. (0x12B)
[0818/082327.058:ERROR:process_memory_win.cc(73)] ReadMemory at 0x22a5de47210 of 62 bytes failed: Only part of a ReadProcessMemory or WriteProcessMemory request was completed. (0x12B)
[0818/082327.058:ERROR:process_memory_win.cc(73)] ReadMemory at 0x22a5de472b0 of 62 bytes failed: Only part of a ReadProcessMemory or WriteProcessMemory request was completed. (0x12B)
[0818/082327.058:ERROR:process_memory_win.cc(73)] ReadMemory at 0x22a5de47350 of 64 bytes failed: Only part of a ReadProcessMemory or WriteProcessMemory request was completed. (0x12B)
[0818/082327.058:ERROR:process_memory_win.cc(73)] ReadMemory at 0x22a5de47490 of 64 bytes failed: Only part of a ReadProcessMemory or WriteProcessMemory request was completed. (0x12B)
[0818/082327.058:ERROR:process_memory_win.cc(73)] ReadMemory at 0x22a5de47690 of 132 bytes failed: Only part of a ReadProcessMemory or WriteProcessMemory request was completed. (0x12B)
[0818/082327.058:ERROR:process_memory_win.cc(73)] ReadMemory at 0x22a5de477c0 of 132 bytes failed: Only part of a ReadProcessMemory or WriteProcessMemory request was completed. (0x12B)
[0818/082327.058:ERROR:process_memory_win.cc(73)] ReadMemory at 0x22a5de478f0 of 132 bytes failed: Only part of a ReadProcessMemory or WriteProcessMemory request was completed. (0x12B)
[0818/082327.058:ERROR:process_memory_win.cc(73)] ReadMemory at 0x22a5de47b50 of 132 bytes failed: Only part of a ReadProcessMemory or WriteProcessMemory request was completed. (0x12B)
[0818/082327.059:ERROR:process_memory_win.cc(73)] ReadMemory at 0x22a5de47c80 of 132 bytes failed: Only part of a ReadProcessMemory or WriteProcessMemory request was completed. (0x12B)
[0818/082327.059:ERROR:process_memory_win.cc(73)] ReadMemory at 0x22a5de48270 of 132 bytes failed: Only part of a ReadProcessMemory or WriteProcessMemory request was completed. (0x12B)
[0818/082327.059:ERROR:process_memory_win.cc(73)] ReadMemory at 0x22a5de484d0 of 132 bytes failed: Only part of a ReadProcessMemory or WriteProcessMemory request was completed. (0x12B)
[0818/082327.059:ERROR:process_memory_win.cc(73)] ReadMemory at 0x22a5de48860 of 132 bytes failed: Only part of a ReadProcessMemory or WriteProcessMemory request was completed. (0x12B)
[0818/082327.059:ERROR:process_memory_win.cc(73)] ReadMemory at 0x22a5de48d20 of 132 bytes failed: Only part of a ReadProcessMemory or WriteProcessMemory request was completed. (0x12B)
[0818/082327.059:ERROR:process_memory_win.cc(73)] ReadMemory at 0x22a5de48e50 of 132 bytes failed: Only part of a ReadProcessMemory or WriteProcessMemory request was completed. (0x12B)
[0818/082327.059:ERROR:process_memory_win.cc(73)] ReadMemory at 0x22a5de48f80 of 132 bytes failed: Only part of a ReadProcessMemory or WriteProcessMemory request was completed. (0x12B)
[0818/082327.059:ERROR:process_memory_win.cc(73)] ReadMemory at 0x22a5de490b0 of 132 bytes failed: Only part of a ReadProcessMemory or WriteProcessMemory request was completed. (0x12B)
[0818/082327.059:ERROR:process_memory_win.cc(73)] ReadMemory at 0x22a5de491e0 of 132 bytes failed: Only part of a ReadProcessMemory or WriteProcessMemory request was completed. (0x12B)
[0818/082327.059:ERROR:process_memory_win.cc(73)] ReadMemory at 0x22a5de49310 of 132 bytes failed: Only part of a ReadProcessMemory or WriteProcessMemory request was completed. (0x12B)
[0818/082327.059:ERROR:process_memory_win.cc(73)] ReadMemory at 0x22a5de49440 of 132 bytes failed: Only part of a ReadProcessMemory or WriteProcessMemory request was completed. (0x12B)
[0818/082327.059:ERROR:process_memory_win.cc(73)] ReadMemory at 0x22a5de5be40 of 58 bytes failed: Only part of a ReadProcessMemory or WriteProcessMemory request was completed. (0x12B)
[0818/082327.059:ERROR:process_memory_win.cc(73)] ReadMemory at 0x22a5de5c070 of 56 bytes failed: Only part of a ReadProcessMemory or WriteProcessMemory request was completed. (0x12B)
[0818/082327.059:ERROR:process_memory_win.cc(73)] ReadMemory at 0x22a5de5c750 of 62 bytes failed: Only part of a ReadProcessMemory or WriteProcessMemory request was completed. (0x12B)
[0818/082327.059:ERROR:process_memory_win.cc(73)] ReadMemory at 0x22a5de5c7f0 of 60 bytes failed: Only part of a ReadProcessMemory or WriteProcessMemory request was completed. (0x12B)
[0818/082327.060:ERROR:process_memory_win.cc(73)] ReadMemory at 0x22a5de5c840 of 62 bytes failed: Only part of a ReadProcessMemory or WriteProcessMemory request was completed. (0x12B)
[0818/082327.060:ERROR:process_memory_win.cc(73)] ReadMemory at 0x22a5de68380 of 512 bytes failed: Only part of a ReadProcessMemory or WriteProcessMemory request was completed. (0x12B)
[0818/082327.060:ERROR:process_memory_win.cc(73)] ReadMemory at 0x22a5de69950 of 512 bytes failed: Only part of a ReadProcessMemory or WriteProcessMemory request was completed. (0x12B)
[0818/082327.060:ERROR:process_memory_win.cc(73)] ReadMemory at 0x22a5e090e80 of 512 bytes failed: Only part of a ReadProcessMemory or WriteProcessMemory request was completed. (0x12B)
[0818/082327.060:ERROR:process_memory_win.cc(73)] ReadMemory at 0x22a5e091a80 of 512 bytes failed: Only part of a ReadProcessMemory or WriteProcessMemory request was completed. (0x12B)
[0818/082327.060:ERROR:process_memory_win.cc(73)] ReadMemory at 0x22a5e091d80 of 512 bytes failed: Only part of a ReadProcessMemory or WriteProcessMemory request was completed. (0x12B)
[0818/082327.060:ERROR:process_memory_win.cc(73)] ReadMemory at 0x22a5e4ce4e0 of 512 bytes failed: Only part of a ReadProcessMemory or WriteProcessMemory request was completed. (0x12B)
[0818/082327.060:ERROR:process_memory_win.cc(73)] ReadMemory at 0x22a5e4dedc0 of 712 bytes failed: Only part of a ReadProcessMemory or WriteProcessMemory request was completed. (0x12B)
[0818/082327.060:ERROR:process_memory_win.cc(73)] ReadMemory at 0x22a5e506a70 of 512 bytes failed: Only part of a ReadProcessMemory or WriteProcessMemory request was completed. (0x12B)
[0818/082327.060:ERROR:process_memory_win.cc(73)] ReadMemory at 0x22a5fdc7050 of 512 bytes failed: Only part of a ReadProcessMemory or WriteProcessMemory request was completed. (0x12B)
[0818/082327.060:ERROR:process_memory_win.cc(73)] ReadMemory at 0x22a604c7500 of 512 bytes failed: Only part of a ReadProcessMemory or WriteProcessMemory request was completed. (0x12B)
[0818/082327.060:ERROR:process_memory_win.cc(73)] ReadMemory at 0x22a604c7ab0 of 512 bytes failed: Only part of a ReadProcessMemory or WriteProcessMemory request was completed. (0x12B)
[0818/082327.061:ERROR:process_memory_win.cc(73)] ReadMemory at 0x22a62004f30 of 703 bytes failed: Only part of a ReadProcessMemory or WriteProcessMemory request was completed. (0x12B)
[0818/082327.061:ERROR:process_memory_win.cc(73)] ReadMemory at 0x22a620ee408 of 512 bytes failed: Only part of a ReadProcessMemory or WriteProcessMemory request was completed. (0x12B)
[0818/082327.061:ERROR:process_memory_win.cc(73)] ReadMemory at 0x22a626d07a0 of 512 bytes failed: Only part of a ReadProcessMemory or WriteProcessMemory request was completed. (0x12B)
[0818/082327.061:ERROR:process_memory_win.cc(73)] ReadMemory at 0x22a636da1f0 of 520 bytes failed: Only part of a ReadProcessMemory or WriteProcessMemory request was completed. (0x12B)
[0818/082327.061:ERROR:process_memory_win.cc(73)] ReadMemory at 0x301f44eac9d0 of 512 bytes failed: Only part of a ReadProcessMemory or WriteProcessMemory request was completed. (0x12B)
[0818/082327.061:ERROR:process_memory_win.cc(73)] ReadMemory at 0x301f451086a0 of 512 bytes failed: Only part of a ReadProcessMemory or WriteProcessMemory request was completed. (0x12B)
[0818/082327.061:ERROR:process_memory_win.cc(73)] ReadMemory at 0x301f45373f80 of 512 bytes failed: Only part of a ReadProcessMemory or WriteProcessMemory request was completed. (0x12B)
[0818/082327.061:ERROR:process_memory_win.cc(73)] ReadMemory at 0x301f453a8000 of 384 bytes failed: Only part of a ReadProcessMemory or WriteProcessMemory request was completed. (0x12B)
[0818/082327.061:ERROR:process_memory_win.cc(73)] ReadMemory at 0x301f453a992f of 512 bytes failed: Only part of a ReadProcessMemory or WriteProcessMemory request was completed. (0x12B)
[0818/082327.061:ERROR:process_memory_win.cc(73)] ReadMemory at 0x301f45413f80 of 128 bytes failed: Only part of a ReadProcessMemory or WriteProcessMemory request was completed. (0x12B)
[0818/082327.061:ERROR:process_memory_win.cc(73)] ReadMemory at 0x339978766990 of 512 bytes failed: Only part of a ReadProcessMemory or WriteProcessMemory request was completed. (0x12B)
[0818/082327.061:ERROR:process_memory_win.cc(73)] ReadMemory at 0x7ff909a0818c of 512 bytes failed: Only part of a ReadProcessMemory or WriteProcessMemory request was completed. (0x12B)
[0818/082327.061:ERROR:process_memory_win.cc(73)] ReadMemory at 0x7ff90acc8b26 of 512 bytes failed: Only part of a ReadProcessMemory or WriteProcessMemory request was completed. (0x12B)
[0818/082327.062:ERROR:process_memory_win.cc(73)] ReadMemory at 0x7ff90d99aa10 of 512 bytes failed: Only part of a ReadProcessMemory or WriteProcessMemory request was completed. (0x12B)
[0818/082327.062:ERROR:process_memory_win.cc(73)] ReadMemory at 0x7ff94d173dc9 of 512 bytes failed: Only part of a ReadProcessMemory or WriteProcessMemory request was completed. (0x12B)
[0818/082327.062:ERROR:process_memory_win.cc(73)] ReadMemory at 0x7ff94d3dc738 of 512 bytes failed: Only part of a ReadProcessMemory or WriteProcessMemory request was completed. (0x12B)
[0818/082327.062:ERROR:process_memory_win.cc(73)] ReadMemory at 0x7ff94f8aad94 of 672 bytes failed: Only part of a ReadProcessMemory or WriteProcessMemory request was completed. (0x12B)
[0818/082327.062:ERROR:process_memory_win.cc(73)] ReadMemory at 0x7ff94f8ab394 of 512 bytes failed: Only part of a ReadProcessMemory or WriteProcessMemory request was completed. (0x12B)
[0818/082327.062:ERROR:process_memory_win.cc(73)] ReadMemory at 0x7ff94f8ae704 of 608 bytes failed: Only part of a ReadProcessMemory or WriteProcessMemory request was completed. (0x12B)
[0818/082327.062:ERROR:process_memory_win.cc(73)] ReadMemory at 0x7ff94f93f650 of 18 bytes failed: Only part of a ReadProcessMemory or WriteProcessMemory request was completed. (0x12B)
[0818/082327.062:ERROR:process_memory_win.cc(73)] ReadMemory at 0x7ff94f9734f8 of 40 bytes failed: Only part of a ReadProcessMemory or WriteProcessMemory request was completed. (0x12B)
[0818/082327.062:ERROR:process_memory_win.cc(73)] ReadMemory at 0x7ff94f973978 of 48 bytes failed: Only part of a ReadProcessMemory or WriteProcessMemory request was completed. (0x12B)
[0818/082327.062:ERROR:process_memory_win.cc(73)] ReadMemory at 0x7ff94f9794c0 of 64 bytes failed: Only part of a ReadProcessMemory or WriteProcessMemory request was completed. (0x12B)
[0818/082327.065:ERROR:scoped_process_suspend.cc(40)] NtResumeProcess: An attempt was made to access an exiting process. (0xc000010a)
[0825/094521.697:ERROR:process_memory_win.cc(73)] ReadMemory at 0x1c9103981f0 of 72 bytes failed: Only part of a ReadProcessMemory or WriteProcessMemory request was completed. (0x12B)
[0825/094521.700:WARNING:pe_image_annotations_reader.cc(134)] could not read annotations list object in C:\Program Files (x86)\Google\Chrome\Application\83.0.4103.97\chrome_elf.dll
[0825/094521.700:ERROR:process_memory_win.cc(73)] ReadMemory at 0x1c9108966d0 of 72 bytes failed: Only part of a ReadProcessMemory or WriteProcessMemory request was completed. (0x12B)
[0825/094521.700:WARNING:pe_image_annotations_reader.cc(134)] could not read annotations list object in C:\Program Files (x86)\Google\Chrome\Application\83.0.4103.97\chrome.dll
[0825/094521.700:ERROR:process_memory_win.cc(73)] ReadMemory at 0x1c910440000 of 64 bytes failed: Only part of a ReadProcessMemory or WriteProcessMemory request was completed. (0x12B)
[0825/094521.700:WARNING:pe_image_reader.cc(340)] could not read dos header from C:\WINDOWS\System32\OLEAUT32.dll
[0825/094521.701:ERROR:process_memory_win.cc(73)] ReadMemory at 0x1c912060000 of 64 bytes failed: Only part of a ReadProcessMemory or WriteProcessMemory request was completed. (0x12B)
[0825/094521.701:WARNING:pe_image_reader.cc(340)] could not read dos header from C:\WINDOWS\System32\shlwapi.dll
[0825/094521.701:ERROR:process_memory_win.cc(73)] ReadMemory at 0x1c9103981f0 of 72 bytes failed: Only part of a ReadProcessMemory or WriteProcessMemory request was completed. (0x12B)
[0825/094521.701:WARNING:pe_image_annotations_reader.cc(134)] could not read annotations list object in C:\Program Files (x86)\Google\Chrome\Application\83.0.4103.97\chrome_elf.dll
[0825/094521.702:ERROR:process_memory_win.cc(73)] ReadMemory at 0x1c9108966d0 of 72 bytes failed: Only part of a ReadProcessMemory or WriteProcessMemory request was completed. (0x12B)
[0825/094521.702:WARNING:pe_image_annotations_reader.cc(134)] could not read annotations list object in C:\Program Files (x86)\Google\Chrome\Application\83.0.4103.97\chrome.dll
[0825/094521.702:ERROR:process_memory_win.cc(73)] ReadMemory at 0x1c910440000 of 64 bytes failed: Only part of a ReadProcessMemory or WriteProcessMemory request was completed. (0x12B)
[0825/094521.702:WARNING:pe_image_reader.cc(340)] could not read dos header from C:\WINDOWS\System32\OLEAUT32.dll
[0825/094521.702:ERROR:process_memory_win.cc(73)] ReadMemory at 0x1c912060000 of 64 bytes failed: Only part of a ReadProcessMemory or WriteProcessMemory request was completed. (0x12B)
[0825/094521.702:WARNING:pe_image_reader.cc(340)] could not read dos header from C:\WINDOWS\System32\shlwapi.dll
[0825/094521.720:ERROR:process_memory_win.cc(73)] ReadMemory at 0x3ffa9e6000 of 106496 bytes failed: Only part of a ReadProcessMemory or WriteProcessMemory request was completed. (0x12B)
[0825/094521.720:ERROR:process_memory_win.cc(73)] ReadMemory at 0x3ffb1fd000 of 12288 bytes failed: Only part of a ReadProcessMemory or WriteProcessMemory request was completed. (0x12B)
[0825/094521.721:ERROR:process_memory_win.cc(73)] ReadMemory at 0x3ffc1fd000 of 12288 bytes failed: Only part of a ReadProcessMemory or WriteProcessMemory request was completed. (0x12B)
[0825/094521.721:ERROR:process_memory_win.cc(73)] ReadMemory at 0x3ffc9fc000 of 16384 bytes failed: Only part of a ReadProcessMemory or WriteProcessMemory request was completed. (0x12B)
[0825/094521.721:ERROR:process_memory_win.cc(73)] ReadMemory at 0x3ffd1fe000 of 8192 bytes failed: Only part of a ReadProcessMemory or WriteProcessMemory request was completed. (0x12B)
[0825/094521.721:ERROR:process_memory_win.cc(73)] ReadMemory at 0x3ffd9fd000 of 12288 bytes failed: Only part of a ReadProcessMemory or WriteProcessMemory request was completed. (0x12B)
[0825/094521.721:ERROR:process_memory_win.cc(73)] ReadMemory at 0x3ffe1fb000 of 20480 bytes failed: Only part of a ReadProcessMemory or WriteProcessMemory request was completed. (0x12B)
[0825/094521.721:ERROR:process_memory_win.cc(73)] ReadMemory at 0x3ffe9fd000 of 12288 bytes failed: Only part of a ReadProcessMemory or WriteProcessMemory request was completed. (0x12B)
[0825/094521.721:ERROR:process_memory_win.cc(73)] ReadMemory at 0x3fff9fa000 of 24576 bytes failed: Only part of a ReadProcessMemory or WriteProcessMemory request was completed. (0x12B)
[0825/094521.721:ERROR:process_memory_win.cc(73)] ReadMemory at 0x3f807fa000 of 24576 bytes failed: Only part of a ReadProcessMemory or WriteProcessMemory request was completed. (0x12B)
[0825/094521.721:ERROR:process_memory_win.cc(73)] ReadMemory at 0x3f80ffb000 of 20480 bytes failed: Only part of a ReadProcessMemory or WriteProcessMemory request was completed. (0x12B)
[0825/094521.721:ERROR:process_memory_win.cc(73)] ReadMemory at 0x3f81ffc000 of 16384 bytes failed: Only part of a ReadProcessMemory or WriteProcessMemory request was completed. (0x12B)
[0825/094521.722:ERROR:process_memory_win.cc(73)] ReadMemory at 0x3f827fd000 of 12288 bytes failed: Only part of a ReadProcessMemory or WriteProcessMemory request was completed. (0x12B)
[0825/094521.722:ERROR:process_memory_win.cc(73)] ReadMemory at 0x3f817fd000 of 12288 bytes failed: Only part of a ReadProcessMemory or WriteProcessMemory request was completed. (0x12B)
[0825/094521.722:ERROR:process_memory_win.cc(73)] ReadMemory at 0x3ffa06a000 of 852 bytes failed: Only part of a ReadProcessMemory or WriteProcessMemory request was completed. (0x12B)
[0825/094521.722:ERROR:process_memory_win.cc(73)] ReadMemory at 0x3ffa06b000 of 6024 bytes failed: Only part of a ReadProcessMemory or WriteProcessMemory request was completed. (0x12B)
[0825/094521.722:ERROR:process_memory_win.cc(73)] ReadMemory at 0x3ffa06d000 of 6024 bytes failed: Only part of a ReadProcessMemory or WriteProcessMemory request was completed. (0x12B)
[0825/094521.722:ERROR:process_memory_win.cc(73)] ReadMemory at 0x3ffa071000 of 6024 bytes failed: Only part of a ReadProcessMemory or WriteProcessMemory request was completed. (0x12B)
[0825/094521.722:ERROR:process_memory_win.cc(73)] ReadMemory at 0x3ffa073000 of 6024 bytes failed: Only part of a ReadProcessMemory or WriteProcessMemory request was completed. (0x12B)
[0825/094521.722:ERROR:process_memory_win.cc(73)] ReadMemory at 0x3ffa075000 of 6024 bytes failed: Only part of a ReadProcessMemory or WriteProcessMemory request was completed. (0x12B)
[0825/094521.722:ERROR:process_memory_win.cc(73)] ReadMemory at 0x3ffa077000 of 6024 bytes failed: Only part of a ReadProcessMemory or WriteProcessMemory request was completed. (0x12B)
[0825/094521.722:ERROR:process_memory_win.cc(73)] ReadMemory at 0x3ffa079000 of 6024 bytes failed: Only part of a ReadProcessMemory or WriteProcessMemory request was completed. (0x12B)
[0825/094521.722:ERROR:process_memory_win.cc(73)] ReadMemory at 0x3ffa07b000 of 6024 bytes failed: Only part of a ReadProcessMemory or WriteProcessMemory request was completed. (0x12B)
[0825/094521.722:ERROR:process_memory_win.cc(73)] ReadMemory at 0x3ffa07f000 of 6024 bytes failed: Only part of a ReadProcessMemory or WriteProcessMemory request was completed. (0x12B)
[0825/094521.723:ERROR:process_memory_win.cc(73)] ReadMemory at 0x3ffa081000 of 6024 bytes failed: Only part of a ReadProcessMemory or WriteProcessMemory request was completed. (0x12B)
[0825/094521.723:ERROR:process_memory_win.cc(73)] ReadMemory at 0x3ffa083000 of 6024 bytes failed: Only part of a ReadProcessMemory or WriteProcessMemory request was completed. (0x12B)
[0825/094521.723:ERROR:process_memory_win.cc(73)] ReadMemory at 0x3ffa089000 of 6024 bytes failed: Only part of a ReadProcessMemory or WriteProcessMemory request was completed. (0x12B)
[0825/094521.723:ERROR:process_memory_win.cc(73)] ReadMemory at 0x3ffa08f000 of 6024 bytes failed: Only part of a ReadProcessMemory or WriteProcessMemory request was completed. (0x12B)
[0825/094521.723:ERROR:process_memory_win.cc(73)] ReadMemory at 0x3ffa09b000 of 6024 bytes failed: Only part of a ReadProcessMemory or WriteProcessMemory request was completed. (0x12B)
[0825/094521.723:ERROR:process_memory_win.cc(73)] ReadMemory at 0x1c910230fe0 of 5496 bytes failed: Only part of a ReadProcessMemory or WriteProcessMemory request was completed. (0x12B)
[0825/094521.723:ERROR:process_memory_win.cc(73)] ReadMemory at 0x1c910232560 of 1012 bytes failed: Only part of a ReadProcessMemory or WriteProcessMemory request was completed. (0x12B)
[0825/094521.723:ERROR:process_memory_win.cc(73)] ReadMemory at 0x1c910232ba8 of 118 bytes failed: Only part of a ReadProcessMemory or WriteProcessMemory request was completed. (0x12B)
[0825/094521.723:ERROR:process_memory_win.cc(73)] ReadMemory at 0x1c910232c20 of 1362 bytes failed: Only part of a ReadProcessMemory or WriteProcessMemory request was completed. (0x12B)
[0825/094521.723:ERROR:process_memory_win.cc(73)] ReadMemory at 0x1c910233174 of 118 bytes failed: Only part of a ReadProcessMemory or WriteProcessMemory request was completed. (0x12B)
[0825/094521.723:ERROR:process_memory_win.cc(73)] ReadMemory at 0x1c9102331ec of 98 bytes failed: Only part of a ReadProcessMemory or WriteProcessMemory request was completed. (0x12B)
[0825/094521.723:ERROR:process_memory_win.cc(73)] ReadMemory at 0x1c910233260 of 58 bytes failed: Only part of a ReadProcessMemory or WriteProcessMemory request was completed. (0x12B)
[0825/094521.724:ERROR:process_memory_win.cc(73)] ReadMemory at 0x1c910233360 of 132 bytes failed: Only part of a ReadProcessMemory or WriteProcessMemory request was completed. (0x12B)
[0825/094521.724:ERROR:process_memory_win.cc(73)] ReadMemory at 0x1c9102334f0 of 132 bytes failed: Only part of a ReadProcessMemory or WriteProcessMemory request was completed. (0x12B)
[0825/094521.724:ERROR:process_memory_win.cc(73)] ReadMemory at 0x1c9102336b0 of 124 bytes failed: Only part of a ReadProcessMemory or WriteProcessMemory request was completed. (0x12B)
[0825/094521.724:ERROR:process_memory_win.cc(73)] ReadMemory at 0x1c910233a90 of 132 bytes failed: Only part of a ReadProcessMemory or WriteProcessMemory request was completed. (0x12B)
[0825/094521.724:ERROR:process_memory_win.cc(73)] ReadMemory at 0x1c910233c20 of 64 bytes failed: Only part of a ReadProcessMemory or WriteProcessMemory request was completed. (0x12B)
[0825/094521.724:ERROR:process_memory_win.cc(73)] ReadMemory at 0x1c910233c70 of 132 bytes failed: Only part of a ReadProcessMemory or WriteProcessMemory request was completed. (0x12B)
[0825/094521.724:ERROR:process_memory_win.cc(73)] ReadMemory at 0x1c910233de0 of 132 bytes failed: Only part of a ReadProcessMemory or WriteProcessMemory request was completed. (0x12B)
[0825/094521.724:ERROR:process_memory_win.cc(73)] ReadMemory at 0x1c9102340a0 of 132 bytes failed: Only part of a ReadProcessMemory or WriteProcessMemory request was completed. (0x12B)
[0825/094521.724:ERROR:process_memory_win.cc(73)] ReadMemory at 0x1c910234230 of 68 bytes failed: Only part of a ReadProcessMemory or WriteProcessMemory request was completed. (0x12B)
[0825/094521.724:ERROR:process_memory_win.cc(73)] ReadMemory at 0x1c910235350 of 144 bytes failed: Only part of a ReadProcessMemory or WriteProcessMemory request was completed. (0x12B)
[0825/094521.724:ERROR:process_memory_win.cc(73)] ReadMemory at 0x1c910235430 of 132 bytes failed: Only part of a ReadProcessMemory or WriteProcessMemory request was completed. (0x12B)
[0825/094521.724:ERROR:process_memory_win.cc(73)] ReadMemory at 0x1c910235560 of 152 bytes failed: Only part of a ReadProcessMemory or WriteProcessMemory request was completed. (0x12B)
[0825/094521.724:ERROR:process_memory_win.cc(73)] ReadMemory at 0x1c910236380 of 60 bytes failed: Only part of a ReadProcessMemory or WriteProcessMemory request was completed. (0x12B)
[0825/094521.724:ERROR:process_memory_win.cc(73)] ReadMemory at 0x1c9102363d0 of 62 bytes failed: Only part of a ReadProcessMemory or WriteProcessMemory request was completed. (0x12B)
[0825/094521.724:ERROR:process_memory_win.cc(73)] ReadMemory at 0x1c910236420 of 132 bytes failed: Only part of a ReadProcessMemory or WriteProcessMemory request was completed. (0x12B)
[0825/094521.725:ERROR:process_memory_win.cc(73)] ReadMemory at 0x1c910236a20 of 132 bytes failed: Only part of a ReadProcessMemory or WriteProcessMemory request was completed. (0x12B)
[0825/094521.725:ERROR:process_memory_win.cc(73)] ReadMemory at 0x1c910239f70 of 132 bytes failed: Only part of a ReadProcessMemory or WriteProcessMemory request was completed. (0x12B)
[0825/094521.725:ERROR:process_memory_win.cc(73)] ReadMemory at 0x1c91023b0c0 of 132 bytes failed: Only part of a ReadProcessMemory or WriteProcessMemory request was completed. (0x12B)
[0825/094521.725:ERROR:process_memory_win.cc(73)] ReadMemory at 0x1c91023b2a0 of 64 bytes failed: Only part of a ReadProcessMemory or WriteProcessMemory request was completed. (0x12B)
[0825/094521.725:ERROR:process_memory_win.cc(73)] ReadMemory at 0x1c91023b3e0 of 62 bytes failed: Only part of a ReadProcessMemory or WriteProcessMemory request was completed. (0x12B)
[0825/094521.725:ERROR:process_memory_win.cc(73)] ReadMemory at 0x1c91023b660 of 60 bytes failed: Only part of a ReadProcessMemory or WriteProcessMemory request was completed. (0x12B)
[0825/094521.725:ERROR:process_memory_win.cc(73)] ReadMemory at 0x1c91023b6b0 of 62 bytes failed: Only part of a ReadProcessMemory or WriteProcessMemory request was completed. (0x12B)
[0825/094521.725:ERROR:process_memory_win.cc(73)] ReadMemory at 0x1c91023b700 of 60 bytes failed: Only part of a ReadProcessMemory or WriteProcessMemory request was completed. (0x12B)
[0825/094521.725:ERROR:process_memory_win.cc(73)] ReadMemory at 0x1c91023b7f0 of 64 bytes failed: Only part of a ReadProcessMemory or WriteProcessMemory request was completed. (0x12B)
[0825/094521.725:ERROR:process_memory_win.cc(73)] ReadMemory at 0x1c91023b840 of 64 bytes failed: Only part of a ReadProcessMemory or WriteProcessMemory request was completed. (0x12B)
[0825/094521.725:ERROR:process_memory_win.cc(73)] ReadMemory at 0x1c91023b8e0 of 64 bytes failed: Only part of a ReadProcessMemory or WriteProcessMemory request was completed. (0x12B)
[0825/094521.725:ERROR:process_memory_win.cc(73)] ReadMemory at 0x1c91023b980 of 62 bytes failed: Only part of a ReadProcessMemory or WriteProcessMemory request was completed. (0x12B)
[0825/094521.725:ERROR:process_memory_win.cc(73)] ReadMemory at 0x1c91023b9d0 of 66 bytes failed: Only part of a ReadProcessMemory or WriteProcessMemory request was completed. (0x12B)
[0825/094521.725:ERROR:process_memory_win.cc(73)] ReadMemory at 0x1c91023be10 of 80 bytes failed: Only part of a ReadProcessMemory or WriteProcessMemory request was completed. (0x12B)
[0825/094521.725:ERROR:process_memory_win.cc(73)] ReadMemory at 0x1c91023c290 of 80 bytes failed: Only part of a ReadProcessMemory or WriteProcessMemory request was completed. (0x12B)
[0825/094521.726:ERROR:process_memory_win.cc(73)] ReadMemory at 0x1c91023c410 of 78 bytes failed: Only part of a ReadProcessMemory or WriteProcessMemory request was completed. (0x12B)
[0825/094521.726:ERROR:process_memory_win.cc(73)] ReadMemory at 0x1c910240dd0 of 132 bytes failed: Only part of a ReadProcessMemory or WriteProcessMemory request was completed. (0x12B)
[0825/094521.726:ERROR:process_memory_win.cc(73)] ReadMemory at 0x1c910242780 of 132 bytes failed: Only part of a ReadProcessMemory or WriteProcessMemory request was completed. (0x12B)
[0825/094521.726:ERROR:process_memory_win.cc(73)] ReadMemory at 0x1c910244370 of 132 bytes failed: Only part of a ReadProcessMemory or WriteProcessMemory request was completed. (0x12B)
[0825/094521.726:ERROR:process_memory_win.cc(73)] ReadMemory at 0x1c9102445d0 of 132 bytes failed: Only part of a ReadProcessMemory or WriteProcessMemory request was completed. (0x12B)
[0825/094521.726:ERROR:process_memory_win.cc(73)] ReadMemory at 0x1c9102447e0 of 132 bytes failed: Only part of a ReadProcessMemory or WriteProcessMemory request was completed. (0x12B)
[0825/094521.726:ERROR:process_memory_win.cc(73)] ReadMemory at 0x1c910244b10 of 132 bytes failed: Only part of a ReadProcessMemory or WriteProcessMemory request was completed. (0x12B)
[0825/094521.726:ERROR:process_memory_win.cc(73)] ReadMemory at 0x1c910244c40 of 132 bytes failed: Only part of a ReadProcessMemory or WriteProcessMemory request was completed. (0x12B)
[0825/094521.726:ERROR:process_memory_win.cc(73)] ReadMemory at 0x1c910244d70 of 132 bytes failed: Only part of a ReadProcessMemory or WriteProcessMemory request was completed. (0x12B)
[0825/094521.726:ERROR:process_memory_win.cc(73)] ReadMemory at 0x1c910244fd0 of 132 bytes failed: Only part of a ReadProcessMemory or WriteProcessMemory request was completed. (0x12B)
[0825/094521.726:ERROR:process_memory_win.cc(73)] ReadMemory at 0x1c910245100 of 132 bytes failed: Only part of a ReadProcessMemory or WriteProcessMemory request was completed. (0x12B)
[0825/094521.726:ERROR:process_memory_win.cc(73)] ReadMemory at 0x1c910245230 of 132 bytes failed: Only part of a ReadProcessMemory or WriteProcessMemory request was completed. (0x12B)
[0825/094521.726:ERROR:process_memory_win.cc(73)] ReadMemory at 0x1c910245360 of 132 bytes failed: Only part of a ReadProcessMemory or WriteProcessMemory request was completed. (0x12B)
[0825/094521.726:ERROR:process_memory_win.cc(73)] ReadMemory at 0x1c910245490 of 132 bytes failed: Only part of a ReadProcessMemory or WriteProcessMemory request was completed. (0x12B)
[0825/094521.726:ERROR:process_memory_win.cc(73)] ReadMemory at 0x1c9102455c0 of 132 bytes failed: Only part of a ReadProcessMemory or WriteProcessMemory request was completed. (0x12B)
[0825/094521.726:ERROR:process_memory_win.cc(73)] ReadMemory at 0x1c9102456f0 of 132 bytes failed: Only part of a ReadProcessMemory or WriteProcessMemory request was completed. (0x12B)
[0825/094521.727:ERROR:process_memory_win.cc(73)] ReadMemory at 0x1c910245820 of 132 bytes failed: Only part of a ReadProcessMemory or WriteProcessMemory request was completed. (0x12B)
[0825/094521.727:ERROR:process_memory_win.cc(73)] ReadMemory at 0x1c910245950 of 132 bytes failed: Only part of a ReadProcessMemory or WriteProcessMemory request was completed. (0x12B)
[0825/094521.727:ERROR:process_memory_win.cc(73)] ReadMemory at 0x1c9102464e0 of 62 bytes failed: Only part of a ReadProcessMemory or WriteProcessMemory request was completed. (0x12B)
[0825/094521.727:ERROR:process_memory_win.cc(73)] ReadMemory at 0x1c910246530 of 64 bytes failed: Only part of a ReadProcessMemory or WriteProcessMemory request was completed. (0x12B)
[0825/094521.727:ERROR:process_memory_win.cc(73)] ReadMemory at 0x1c9102466c0 of 62 bytes failed: Only part of a ReadProcessMemory or WriteProcessMemory request was completed. (0x12B)
[0825/094521.727:ERROR:process_memory_win.cc(73)] ReadMemory at 0x1c910246800 of 62 bytes failed: Only part of a ReadProcessMemory or WriteProcessMemory request was completed. (0x12B)
[0825/094521.727:ERROR:process_memory_win.cc(73)] ReadMemory at 0x1c910246850 of 62 bytes failed: Only part of a ReadProcessMemory or WriteProcessMemory request was completed. (0x12B)
[0825/094521.727:ERROR:process_memory_win.cc(73)] ReadMemory at 0x1c910246a30 of 62 bytes failed: Only part of a ReadProcessMemory or WriteProcessMemory request was completed. (0x12B)
[0825/094521.727:ERROR:process_memory_win.cc(73)] ReadMemory at 0x1c910246ad0 of 60 bytes failed: Only part of a ReadProcessMemory or WriteProcessMemory request was completed. (0x12B)
[0825/094521.727:ERROR:process_memory_win.cc(73)] ReadMemory at 0x1c910246b20 of 60 bytes failed: Only part of a ReadProcessMemory or WriteProcessMemory request was completed. (0x12B)
[0825/094521.727:ERROR:process_memory_win.cc(73)] ReadMemory at 0x1c910246bc0 of 60 bytes failed: Only part of a ReadProcessMemory or WriteProcessMemory request was completed. (0x12B)
[0825/094521.727:ERROR:process_memory_win.cc(73)] ReadMemory at 0x1c910246c60 of 58 bytes failed: Only part of a ReadProcessMemory or WriteProcessMemory request was completed. (0x12B)
[0825/094521.727:ERROR:process_memory_win.cc(73)] ReadMemory at 0x1c910246cb0 of 66 bytes failed: Only part of a ReadProcessMemory or WriteProcessMemory request was completed. (0x12B)
[0825/094521.727:ERROR:process_memory_win.cc(73)] ReadMemory at 0x1c910246d50 of 64 bytes failed: Only part of a ReadProcessMemory or WriteProcessMemory request was completed. (0x12B)
[0825/094521.728:ERROR:process_memory_win.cc(73)] ReadMemory at 0x1c910246da0 of 62 bytes failed: Only part of a ReadProcessMemory or WriteProcessMemory request was completed. (0x12B)
[0825/094521.728:ERROR:process_memory_win.cc(73)] ReadMemory at 0x1c910246e40 of 58 bytes failed: Only part of a ReadProcessMemory or WriteProcessMemory request was completed. (0x12B)
[0825/094521.728:ERROR:process_memory_win.cc(73)] ReadMemory at 0x1c910246ee0 of 64 bytes failed: Only part of a ReadProcessMemory or WriteProcessMemory request was completed. (0x12B)
[0825/094521.728:ERROR:process_memory_win.cc(73)] ReadMemory at 0x1c910246fd0 of 62 bytes failed: Only part of a ReadProcessMemory or WriteProcessMemory request was completed. (0x12B)
[0825/094521.728:ERROR:process_memory_win.cc(73)] ReadMemory at 0x1c9102472f0 of 60 bytes failed: Only part of a ReadProcessMemory or WriteProcessMemory request was completed. (0x12B)
[0825/094521.728:ERROR:process_memory_win.cc(73)] ReadMemory at 0x1c910247a80 of 132 bytes failed: Only part of a ReadProcessMemory or WriteProcessMemory request was completed. (0x12B)
[0825/094521.728:ERROR:process_memory_win.cc(73)] ReadMemory at 0x1c910247bb0 of 132 bytes failed: Only part of a ReadProcessMemory or WriteProcessMemory request was completed. (0x12B)
[0825/094521.728:ERROR:process_memory_win.cc(73)] ReadMemory at 0x1c910247f40 of 132 bytes failed: Only part of a ReadProcessMemory or WriteProcessMemory request was completed. (0x12B)
[0825/094521.728:ERROR:process_memory_win.cc(73)] ReadMemory at 0x1c910248070 of 132 bytes failed: Only part of a ReadProcessMemory or WriteProcessMemory request was completed. (0x12B)
[0825/094521.728:ERROR:process_memory_win.cc(73)] ReadMemory at 0x1c9102481a0 of 132 bytes failed: Only part of a ReadProcessMemory or WriteProcessMemory request was completed. (0x12B)
[0825/094521.728:ERROR:process_memory_win.cc(73)] ReadMemory at 0x1c910248400 of 132 bytes failed: Only part of a ReadProcessMemory or WriteProcessMemory request was completed. (0x12B)
[0825/094521.728:ERROR:process_memory_win.cc(73)] ReadMemory at 0x1c910248660 of 132 bytes failed: Only part of a ReadProcessMemory or WriteProcessMemory request was completed. (0x12B)
[0825/094521.728:ERROR:process_memory_win.cc(73)] ReadMemory at 0x1c910248790 of 132 bytes failed: Only part of a ReadProcessMemory or WriteProcessMemory request was completed. (0x12B)
[0825/094521.728:ERROR:process_memory_win.cc(73)] ReadMemory at 0x1c9102488c0 of 132 bytes failed: Only part of a ReadProcessMemory or WriteProcessMemory request was completed. (0x12B)
[0825/094521.729:ERROR:process_memory_win.cc(73)] ReadMemory at 0x1c9102489f0 of 132 bytes failed: Only part of a ReadProcessMemory or WriteProcessMemory request was completed. (0x12B)
[0825/094521.729:ERROR:process_memory_win.cc(73)] ReadMemory at 0x1c910248b20 of 132 bytes failed: Only part of a ReadProcessMemory or WriteProcessMemory request was completed. (0x12B)
[0825/094521.729:ERROR:process_memory_win.cc(73)] ReadMemory at 0x1c910248c50 of 132 bytes failed: Only part of a ReadProcessMemory or WriteProcessMemory request was completed. (0x12B)
[0825/094521.729:ERROR:process_memory_win.cc(73)] ReadMemory at 0x1c910248d80 of 132 bytes failed: Only part of a ReadProcessMemory or WriteProcessMemory request was completed. (0x12B)
[0825/094521.729:ERROR:process_memory_win.cc(73)] ReadMemory at 0x1c910248eb0 of 132 bytes failed: Only part of a ReadProcessMemory or WriteProcessMemory request was completed. (0x12B)
[0825/094521.729:ERROR:process_memory_win.cc(73)] ReadMemory at 0x1c910249110 of 132 bytes failed: Only part of a ReadProcessMemory or WriteProcessMemory request was completed. (0x12B)
[0825/094521.729:ERROR:process_memory_win.cc(73)] ReadMemory at 0x1c910258830 of 58 bytes failed: Only part of a ReadProcessMemory or WriteProcessMemory request was completed. (0x12B)
[0825/094521.729:ERROR:process_memory_win.cc(73)] ReadMemory at 0x1c910258d80 of 60 bytes failed: Only part of a ReadProcessMemory or WriteProcessMemory request was completed. (0x12B)
[0825/094521.729:ERROR:process_memory_win.cc(73)] ReadMemory at 0x1c9102590a0 of 62 bytes failed: Only part of a ReadProcessMemory or WriteProcessMemory request was completed. (0x12B)
[0825/094521.729:ERROR:process_memory_win.cc(73)] ReadMemory at 0x1c9102591e0 of 62 bytes failed: Only part of a ReadProcessMemory or WriteProcessMemory request was completed. (0x12B)
[0825/094521.729:ERROR:process_memory_win.cc(73)] ReadMemory at 0x1c910259280 of 56 bytes failed: Only part of a ReadProcessMemory or WriteProcessMemory request was completed. (0x12B)
[0825/094521.729:ERROR:process_memory_win.cc(73)] ReadMemory at 0x1c910263450 of 512 bytes failed: Only part of a ReadProcessMemory or WriteProcessMemory request was completed. (0x12B)
[0825/094521.729:ERROR:process_memory_win.cc(73)] ReadMemory at 0x1c910264be0 of 512 bytes failed: Only part of a ReadProcessMemory or WriteProcessMemory request was completed. (0x12B)
[0825/094521.729:ERROR:process_memory_win.cc(73)] ReadMemory at 0x1c910265f50 of 512 bytes failed: Only part of a ReadProcessMemory or WriteProcessMemory request was completed. (0x12B)
[0825/094521.729:ERROR:process_memory_win.cc(73)] ReadMemory at 0x1c910401000 of 512 bytes failed: Only part of a ReadProcessMemory or WriteProcessMemory request was completed. (0x12B)
[0825/094521.730:ERROR:process_memory_win.cc(73)] ReadMemory at 0x1c910890000 of 384 bytes failed: Only part of a ReadProcessMemory or WriteProcessMemory request was completed. (0x12B)
[0825/094521.730:ERROR:process_memory_win.cc(73)] ReadMemory at 0x1c9108cceb0 of 512 bytes failed: Only part of a ReadProcessMemory or WriteProcessMemory request was completed. (0x12B)
[0825/094521.730:ERROR:process_memory_win.cc(73)] ReadMemory at 0x1c9108d33a0 of 512 bytes failed: Only part of a ReadProcessMemory or WriteProcessMemory request was completed. (0x12B)
[0825/094521.730:ERROR:process_memory_win.cc(73)] ReadMemory at 0x1c9108de3b0 of 712 bytes failed: Only part of a ReadProcessMemory or WriteProcessMemory request was completed. (0x12B)
[0825/094521.730:ERROR:process_memory_win.cc(73)] ReadMemory at 0x1c910908860 of 512 bytes failed: Only part of a ReadProcessMemory or WriteProcessMemory request was completed. (0x12B)
[0825/094521.730:ERROR:process_memory_win.cc(73)] ReadMemory at 0x1c9109165b0 of 512 bytes failed: Only part of a ReadProcessMemory or WriteProcessMemory request was completed. (0x12B)
[0825/094521.730:ERROR:process_memory_win.cc(73)] ReadMemory at 0x1c9144e1950 of 703 bytes failed: Only part of a ReadProcessMemory or WriteProcessMemory request was completed. (0x12B)
[0825/094521.730:ERROR:process_memory_win.cc(73)] ReadMemory at 0x1c91682c950 of 520 bytes failed: Only part of a ReadProcessMemory or WriteProcessMemory request was completed. (0x12B)
[0825/094521.730:ERROR:process_memory_win.cc(73)] ReadMemory at 0x1c916a23fa8 of 512 bytes failed: Only part of a ReadProcessMemory or WriteProcessMemory request was completed. (0x12B)
[0825/094521.730:ERROR:process_memory_win.cc(73)] ReadMemory at 0x1c916aa9750 of 512 bytes failed: Only part of a ReadProcessMemory or WriteProcessMemory request was completed. (0x12B)
[0825/094521.730:ERROR:process_memory_win.cc(73)] ReadMemory at 0xec1ff91da40 of 512 bytes failed: Only part of a ReadProcessMemory or WriteProcessMemory request was completed. (0x12B)
[0825/094521.730:ERROR:process_memory_win.cc(73)] ReadMemory at 0x4be0550ac870 of 512 bytes failed: Only part of a ReadProcessMemory or WriteProcessMemory request was completed. (0x12B)
[0825/094521.730:ERROR:process_memory_win.cc(73)] ReadMemory at 0x4be055334e78 of 512 bytes failed: Only part of a ReadProcessMemory or WriteProcessMemory request was completed. (0x12B)
[0825/094521.730:ERROR:process_memory_win.cc(73)] ReadMemory at 0x4be055431fc0 of 512 bytes failed: Only part of a ReadProcessMemory or WriteProcessMemory request was completed. (0x12B)
[0825/094521.731:ERROR:process_memory_win.cc(73)] ReadMemory at 0x4be055435458 of 512 bytes failed: Only part of a ReadProcessMemory or WriteProcessMemory request was completed. (0x12B)
[0825/094521.731:ERROR:process_memory_win.cc(73)] ReadMemory at 0x7ffd6262818c of 512 bytes failed: Only part of a ReadProcessMemory or WriteProcessMemory request was completed. (0x12B)
[0825/094521.731:ERROR:process_memory_win.cc(73)] ReadMemory at 0x7ffd646ed037 of 512 bytes failed: Only part of a ReadProcessMemory or WriteProcessMemory request was completed. (0x12B)
[0825/094521.731:ERROR:process_memory_win.cc(73)] ReadMemory at 0x7ffd665baa10 of 512 bytes failed: Only part of a ReadProcessMemory or WriteProcessMemory request was completed. (0x12B)
[0825/094521.731:ERROR:process_memory_win.cc(73)] ReadMemory at 0x7ffda1653dc9 of 512 bytes failed: Only part of a ReadProcessMemory or WriteProcessMemory request was completed. (0x12B)
[0825/094521.731:ERROR:process_memory_win.cc(73)] ReadMemory at 0x7ffda18bc738 of 512 bytes failed: Only part of a ReadProcessMemory or WriteProcessMemory request was completed. (0x12B)
[0825/094521.731:ERROR:process_memory_win.cc(73)] ReadMemory at 0x7ffda3cead94 of 672 bytes failed: Only part of a ReadProcessMemory or WriteProcessMemory request was completed. (0x12B)
[0825/094521.731:ERROR:process_memory_win.cc(73)] ReadMemory at 0x7ffda3ceb394 of 512 bytes failed: Only part of a ReadProcessMemory or WriteProcessMemory request was completed. (0x12B)
[0825/094521.731:ERROR:process_memory_win.cc(73)] ReadMemory at 0x7ffda3cee704 of 608 bytes failed: Only part of a ReadProcessMemory or WriteProcessMemory request was completed. (0x12B)
[0825/094521.731:ERROR:process_memory_win.cc(73)] ReadMemory at 0x7ffda3d7f650 of 18 bytes failed: Only part of a ReadProcessMemory or WriteProcessMemory request was completed. (0x12B)
[0825/094521.731:ERROR:process_memory_win.cc(73)] ReadMemory at 0x7ffda3db34f8 of 40 bytes failed: Only part of a ReadProcessMemory or WriteProcessMemory request was completed. (0x12B)
[0825/094521.731:ERROR:process_memory_win.cc(73)] ReadMemory at 0x7ffda3db3978 of 48 bytes failed: Only part of a ReadProcessMemory or WriteProcessMemory request was completed. (0x12B)
[0825/094521.731:ERROR:process_memory_win.cc(73)] ReadMemory at 0x7ffda3db94c0 of 64 bytes failed: Only part of a ReadProcessMemory or WriteProcessMemory request was completed. (0x12B)
[0825/094521.735:ERROR:scoped_process_suspend.cc(40)] NtResumeProcess: An attempt was made to access an exiting process. (0xc000010a)
